[   0.00000]Intializngcgroup subsys cpuset
[    0.000000] Initializing cgroup suubsys cpu
[    0.000000] Initializing cgroup subsys cpuacct
[    0.000000] Linux version 4.4.0-137-generic (buildd@lgw01-amd64-037) (gcc version 5.4.0 20160609 (Ubuntu 5.4.0-6ubuntu1~16.04.10) ) #163-Ubuntu SMP Mon Sep 24 13:14:43 UTC 2018 (Ubuntu 4.4.0-137.163-generic 4.4.144)
[    0.000000] Command line: BOOT_IMAGE=/boot/vmlinuz-4.4.0-137-generic root=LABEL=cloudimg-rootfs ro console=tty1 console=ttyS0
[    0.000000] KERNEL supported cpus:
[    0.000000]   Intel GenuineIntel
[    0.000000]   AMD AuthenticAMD
[    0.000000   Centaur CentaurHauls
[    0.000000] x86/fpu: xstate_offset[2]:  576, xstate_sizes[2]:  256
[    0.000000] x86/fpu: Supporting XSAVE feature 0x01: 'x87 floating point registers'
[    0.000000] x86/fpu: Supporting XSAVE feature 0x02: 'SSE registers'
[    0.000000] x86/fpu: Supporting XSAVE feature 0x04: 'AVX registers'
[    0.000000] x86/fpu: Enabled xstate features 0x7, context size is 832 bytes, using 'standard' format.
[    0.000000] e820: BIOS-provided physical RAM map:
[    0.000000] BIOS-e820: [mem 0x0000000000000000-0x000000000009fbff] usable
[    0.000000] BIOS-e820: [mem 0x000000000009fc00-0x000000000009ffff] reserved
[    0.000000] BIOS-e820: [mem 0x00000000000f0000-0x00000000000fffff] reserved
[    0.000000] BIOS-e820: [mem 0x0000000000100000-0x00000000dffeffff] usable
[   0.000000] BIOS-e820: [mem 0x00000000dfff0000-0x00000000dfffffff] ACPI data
[   .000000] BIOS-e820: [mem 0x00000000fec00000-0x00000000fec00fff] reserved
[    0.000000] BIOS-e820: [mem 0x00000000fee00000-0x00000000fee00fff] reserved
[    0.000000] BIOS-e820: [mem 0x00000000fffc0000-0x00000000ffffffff] reserved
[    0.000000] BIOS-e820: [mem 0x0000000100000000-0x00000002203fffff] usable
[    0.000000] NX (Execute Disable) protection: active
[    0.000000] SMBIOS 2.5 present.
[    0.000000] Hypervisor detected: KVM
[    0.000000] e820: last_pfn = 0x220400 max_arch_pfn = 0x400000000
[    0.000000] MTRR: Disabled
[    0.000000] x86/PAT: MTRRs disabled, skipping PAT initialization too.
[    0.000000] CPU MTRRs all blank - virtualized system.
[    0.000000] x86/PAT: Configuration [0-7]: WB  WT  UC- UC  WB  WT  UC- UC  
[    0.000000] e820: last_pfn = 0xdfff0 max_arch_pfn = 0x400000000
[   0.000000] found SMP MPP-table at [mem 0x0009fff0-0x0009ffff] mapped at [ffff88000009fff0]
[    0.000000] Scanning 1 areas for low memory corruption
[    0.000000] RAMDISK: [mem 0x3630a000-0x3717cfff]
[    0.000000] ACPI: Early table checksum verification disabled
[    0.000000] ACPI: RSDP 0x00000000000E0000 000024 (v02 VBOX  )
[    0.000000] ACPI: XSDT 0x00000000DFFF0030 00003C (v01 VBOX   VBOXXSDT 00000001 ASL  00000061)
[    0.000000] ACPI: FACP 0x00000000DFFF00F0 0000F4 (v04 VBOX   VBOXFACP 00000001 ASL  00000061)
[   0.00000]ACPI DSDT 0x00000000DFFF0470 0021FF (v02 VBOX   VBOXBIOS 00000002 INTL 20100528)
[    0.000000] ACPI: FACS 0x00000000DFFF0200 000040
[    0.000000] ACPI: FACS 0x00000000DFFF0200 000040
[    0.000000] ACPI: APIC 0x00000000DFFF0240 00005C (v02 VBOX   VBOXAPIC 00000001 ASL  00000061)
[    0.000000] ACPI: SSDT 0x00000000DFFF02A0 0001CC (v01 VBOX   VBOXCPUT 00000002 INTL 20100528)
[    0.000000] No NUMA configuration found
[    0.000000] Faking a node at [mem 0x0000000000000000-0x00000002203fffff]
[    0.000000] NODE_DATA(0) allocated [mem 0x2203f5000-0x2203f9fff]
[    0.000000] kvm-clock: Using msrs 4b564d01 and 4b564d00
[    0.000000] kvm-clock: cpu 0, msr 2:203ed001, primary cpu clock
[    0.000000] kvm-clock: using sched offset of 5119755615 cycles
[    0.000000] clocksource: kvm-clock: mask: 0xffffffffffffffff max_cycles: 0x1cd42e4dffb, max_idle_ns: 881590591483 ns
[    0.000000] Section 67 and 68 (node 0) have a circular dependency on usemap and pgat allocations
[    0.000000] Zone ranges:
[    0.000000]   DMA      [mem 0x0000000000001000-0x0000000000ffffff]
[    0.000000]   DMA32    [mem 0x0000000001000000-0x00000000ffffffff]
[    0.000000]   Normal   [mem 0x0000000100000000-0x00000002203fffff]
[    0.000000]   Device   empty
[    0.000000] Movable zone start for each node
[    0.000000] Early memory node ranges
[    0.000000]   node   0: [mem 0x0000000000001000-0x000000000009efff]
[    0.000000]   node   0: [mem 0x0000000000100000-0x00000000dffeffff]
[    0.000000]   node   0: [mem 0x0000000100000000-0x00000002203fffff]
[    0.000000] Initmem setup node 0 [mem 0x0000000000001000-0x00000002203fffff]
[    0.000000] ACPI: PM-Timer IO Port: 0x4008
[    0.000000] IOAPIC[0]: apic_id 2, version 32, address 0xfec00000, GSI 0-23
[    0.000000] ACPI: INT_SRC_OVR (bus 0 bus_irq 0 global_irq 2 dfl dfl)
[    0.000000] ACPI: INT_SRC_OVR (bus 0 bus_irq 9 global_irq 9 low level)
[    0.000000] Using ACPI (MADT) for SMP configuration information
[    0.000000] smpboot: Allowing 2 CPUs, 0 hotplug CPUs
[    0.000000] PM: Registered nosave memory: [mem 0x00000000-0x00000fff]
[    0.000000] PM: Registered nosave memory: [mem 0x0009f000-0x0009ffff]
[    0.000000] PM: Registered nosave memory: [mem 0x000a0000-0x000effff]
[    0.000000] P: Registered nosave memory: [mem 0x000f0000-0x000fffff]
[    0.000000] PM: Registered nosave memory: [mem 0xdfff0000-0xdfffffff]
[    0.000000] PM: Registered nosave memory: [mem 0xe0000000-0xfebfffff]
[    0.000000] PM: Registered nosave memory: [mem 0xfec00000-0xfec00fff]
[    0.000000] PM: Registered nosave memory: [mem 0xfec01000-0xfedfffff]
[    0.000000] PM: Registered nosave memory: [mem 0xfee00000-0xfee00fff]
[    0.000000] PM: Registered nosave memory: [mem 0xfee01000-0xfffbffff]
[    0.000000] PM: Registered nosave memory: [mem 0xfffc0000-0xffffffff]
[    0.000000] e820: [mem 0xe0000000-0xfebfffff] available for PCI devices
[    0.000000] Booting paravirtualized kernel on KVM
[    0.000000] clocksource: refined-jiffies: mask: 0xffffffff max_cycles: 0xffffffff, max_idle_ns 7645519600211568 ns
[    0.000000] setup_percpu: NR_CPUS:512 nr_cpumask_bits:512 nr_cpu_ids:2 nr_node_ids:1
[    0.000000] PERCPU: Embedded 34 pages/cpu @ffff880220000000 s99608 r8192 d31464 u1048576
[    0.000000] PV qspinlock hash table entries: 256 (order: 0, 4096 bytes)
[    0.000000] Built 1 zonelists in Node order, mobility grouping on.  Total pages: 2065256
[    0.000000] Policy zone: Normal
[    0.000000] Kernel command line: BOOT_IMAGE=/boot/vmlinuz-4.4.0-137-generic root=LABEL=cloudimg-rootfs ro console=tty1 console=ttyS0
[    0.000000] PID hash table entries: 4096 (order: 3, 32768 bytes)
[    0.000000] Memory: 8159028K/8392248KK available (8555K kernel code, 1314K rwdata, 4004K rodata, 1528K init, 1316K bss, 233220K reserved, 0K cma-reserved)
[    0.000000] SLUB: HWalign=64, Order=0-3, MinObjects=0, CPUs=2, Nodes=1
[    0.000000] Kernel/User page tables isolation: enabled
[    0.000000] Hierarchical RCU implementation.
[    0.000000] 	Build-time adjustment of leaf fanout to 64.
[    0.000000] 	RCU restricting CPUs from NR_CPUS=512 to nr_cpu_ids=2.
[    0.000000] RCU: Adjusting geometry for rcu_fanout_leaf=64, nr_cpu_ids=2
[    0.000000] NR_IRQS:33024 nr_irqs:440 16
[    0.000000] Console: colour VGA+ 80x25
[    0.000000] console [tty1] enabled
[    0.000000] console [ttyS0] enabled
[    0.000000] tsc: Detected 2194.926 MHz processor
[    1.287904] Calibrating delay loop (skipped) preset value.. 4389.85 BogoMIPS (lpj=8779704)
[    1.291531] pid_max: default: 32768 minimum: 301
[    1.293520] ACPI: Core revision 20150930
[    1.299713] ACPI: 2 ACPI AML tables successfully acquired and loaded
[    1.302444] Security Framework initialized
[    1.304288] Yama: becoming mindful.
[    1.305921] AppArmor: AppArmor initialized
[    1.310212] Dentry cache hash table entries: 1048576 (order: 11, 8388608 bytes)
[    1.323988] Inode-cache hash table entries: 524288 (order: 10, 4194304 bytes)
[    1.330592] Mount-cache hash table entries: 16384 (order: 5, 131072 bytes)
[    1.333182] Mountpoint-cache hash table entries: 16384 (order: 5, 131072 bytes)
[    1.338262] Initializing cgroup subsys io
[    1.340010] Initializing cgroup subsys memory
[    1.341885] Initializing cgroup subsys devices
[    1.343786] Initializing cgroup subsys freezer
[    1.345637] Initializing cgroup subsys net_cls
[    1.347521] Initializing cgroup subsys perf_event
[    1.349428] Initializing cgroup subsys net_prio
[    1.351386] Initializing cgroup subsys hugetlb
[    1.353222] Initializing cgroup subsys pids
[    1.355980] mce: CPU supports 0 MCE banks
[    1.357735] Last level iTLB entries: 4KB 1024, 2MB 1024, 4MB 1024
[    1.360100] Last level dTLB entries: 4KB 1024, 2MB 1024, 4MB 1024, 1GB 4
[    1.362772] Spectre V2 : Mitigation: Full generic retpoline
[    1.364963] Spectre V2 : Spectre v2 mitigation: Speculation control IBPB not-supported IBRS not-supported
[    1.368169] Spectre V2 : Spectre v2 / SpectreRSB mitigation: Filling RSB on context switch
[    1.372376] Speculative Store Bypass: Vulnerable
[    1.378396] Freeing SMP alternatives memory: 32K
[    1.393624] ftrace: allocating 32265 entries in 127 pages
[    1.484280] smpboot: APIC(0) Converting physical 0 to logical package 0
[    1.486565] smpboot: Max logical packages: 1
[    1.501199] x2apic enabled
[    1.512770] Switched APIC routing to physical x2apic.
[    1.527537] ..TIMER: vector=0x30 apic1=0 pin1=2 apic2=-1 pin2=-1
[    1.646376] smpboot: CPU0: Intel(R) Core(TM) i7-4702MQ CPU @ 2.20GHz (family: 0x6, model: 0x3c, stepping: 0x3)
[    1.653596] Performance Events: unsupported p6 CPU model 60 no PMU driver, software events only.
[    1.659343] KVM setup paravirtual spinlock
[    1.662100] x86: Booting SMP configuration:
[    1.663955] .... node  #0, CPUs:      #1
[    1.665497] kvm-clock: cpu 1, msr 2:203ed041, secondary cpu clock
[    1.669771] mce: CPU supports 0 MCE banks
[    1.674015] x86: Booted up 1 node, 2 CPUs
[    1.681252] smpboot: Total of 2 processors activated (8779.70 BogoMIPS)
[    1.695513] devtmpfs: initialized
[    1.718001] evm: security.selinux
[    1.721870] evm: security.SMACK64
[    1.728118] evm: security.SMACK64EXEC
[    1.740514] evm: security.SMACK64TRANSMUTE
[    1.742339] evm: security.SMACK64MMAP
[    1.743980] evm: security.ima
[    1.745419] evm: security.capability
[    1.747391] clocksource: jiffies: mask: 0xffffffff max_cycles: 0xffffffff, max_idle_ns: 7645041785100000 ns
[    1.759020] futex hash table entries: 512 (order: 3, 32768 bytes)
[    1.761485] pinctrl core: initialized pinctrl subsystem
[    1.763715] RTC time: 20:57:34, date: 11/11/18
[    1.766829] NET: Registered protocol family 16
[    1.779416] cpuidle: using governor ladder
[    1.795222] cpuidle: using governor menu
[    1.824908] PCCT header not found.
[    1.826714] ACPI: bus type PCI registered
[    1.828492] acpiphp: ACPI Hot Plug PCI Controller Driver version: 0.5
[    1.837700] PCI: Using configuration type 1 for base access
[    1.867831] ACPI: Added _OSI(Module Device)
[    1.877046] ACPI: Added _OSI(Processor Device)
[    1.880723] ACPI: Added _OSI(3.0 _SCP Extensions)
[    1.900465] ACPI: Added _OSI(Processor Aggregator Device)
[    1.909331] ACPI: Executed 1 blocks of module-level executable AML code
[    1.918404] ACPI: Interpreter enabled
[    1.920062] ACPI: (supports S0 S5)
[    1.921612] ACPI: Using IOAPIC for interrupt routing
[    1.924150] PCI: Using host bridge windows from ACPI; if necessary, use "pci=nocrs" and report a bug
[    1.937473] ACPI: PCI Root Bridge [PCI0] (domain 0000 [bus 00-ff])
[    1.939754] acpi PNP0A03:00: _OSC: OS supports [ASPM ClockPM Segments MSI]
[    1.942275] acpi PNP0A03:00: _OSC: not requesting OS control; OS requires [ExtendedConfig ASPM ClockPM MSI]
[    1.983860] acpi PNP0A03:00: fail to add MMCONFIG information, can't access extended PCI configuration space under this bridge.
[    1.989027] PCI host bridge to bus 0000:00
[    1.990905] pci_bus 0000:00: root bus resource [io  0x0000-0x0cf7 window]
[    1.993491] pci_bus 0000:00: root bus resource [io  0x0d00-0xffff window]
[    1.999972] pci_bus 0000:00: root bus resource [mem 0x000a0000-0x000bffff window]
[    2.003339] pci_bus 0000:00: root bus resource [mem 0xe0000000-0xfdffffff window]
[    2.006448] pci_bus 0000:00: root bus resource [bus 00-ff]
[    2.011488] pci 0000:00:01.1: legacy IDE quirk: reg 0x10: [io  0x01f0-0x01f7]
[    2.013940] pci 0000:00:01.1: legacy IDE quirk: reg 0x14: [io  0x03f6]
[    2.016229] pci 0000:00:01.1: legacy IDE quirk: reg 0x18: [io  0x0170-0x0177]
[    2.021164] pci 0000:00:01.1: legacy IDE quirk: reg 0x1c: [io  0x0376]
[    2.129222] pci 0000:00:07.0: quirk: [io  0x4000-0x403f] claimed by PIIX4 ACPI
[    2.132428] pci 0000:00:07.0: quirk: [io  0x4100-0x410f] claimed by PIIX4 SMB
[    2.166867] ACPI: PCI Interrupt Link [LNKA] (IRQs 5 9 10 *11)
[    2.174276] ACPI: PCI Interrupt Link [LNKB] (IRQs 5 9 *10 11)
[    2.189430] ACPI: PCI Interrupt Link [LNKC] (IRQs 5 *9 10 11)
[    2.192909] ACPI: PCI Interrupt Link [LNKD] (IRQs 5 9 10 *11)
[    2.198511] ACPI: Enabled 2 GPEs in block 00 to 07
[    2.202949] vgaarb: setting as boot device: PCI:0000:00:02.0
[    2.205240] vgaarb: device added: PCI:0000:00:02.0,decodes=io+mem,owns=io+mem,locks=none
[    2.208754] vgaarb: loaded
[    2.210194] vgaarb: bridge control possible 0000:00:02.0
[    2.216981] SCSI subsystem initialized
[    2.221834] ACPI: bus type USB registered
[    2.227638] usbcore: registered new interface driver usbfs
[    2.233316] usbcore: registered new interface driver hub
[    2.252966] usbcore: registered new device driver usb
[    2.256043] PCI: Using ACPI for IRQ routing
[    2.278651] NetLabel: Initializing
[    2.280338] NetLabel:  domain hash size = 128
[    2.282242] NetLabel:  protocols = UNLABELED CIPSOv4
[    2.284286] NetLabel:  unlabeled traffic allowed by default
[    2.306369] amd_nb: Cannot enumerate AMD northbridges
[    2.308572] clocksource: Switched to clocksource kvm-clock
[    2.329342] AppArmor: AppArmor Filesystem Enabled
[    2.331581] pnp: PnP ACPI init
[   2.335128] pnp: PnP ACPI: found 3 devices

[    2.386367] clocksource: acpi_pm: mask: 0xffffff max_cycles: 0xffffff, max_idle_ns: 2085701024 ns
[    2.390202] NET: Registered protocol family 2
[    2.32468] TCP established hash table entries: 65536 (order: 7, 524288 bytes)
[    2.433621] TCP bind hash table entries: 65536 (order: 8, 1048576 bytes)
[    2.436321] TP: Hash tables configured (established 65536 bind 65536)
[    2.473012] UDP hash table entries: 4096 (order: 5, 131072 bytes)
[    2.475281] UDP-Lite hash table entries: 4096 (order: 5, 131072 bytes)
[    2.477728] NET: Registered protocol family 1
[    2.479515] pci 0000:00:00.0: Limiing directPCI/PCI transfers
[    2.552567] pci 0000:00:01.0: Activating ISA DMA hang workarounds
[    2.555061] Unpacking initramfs...

[    3.107998] Freeing initrd memory: 14796K
[    3.110467] PCI-DMA: Using software bounce buffering for IO (SWIOTLB)
[    3.113724] software IO TLB [mem 0xdbff0000-0xdfff0000] (64MB) mapped at [ffff8800dbff0000-ffff8800dffeffff]
[    3.119112] RAPL PMU detected, API unit is 2^-32 Joules, 4 fixed counters 10737418240 ms ovfl timer
[    3.123545] hw unit of domain pp0-core 2^-0 Joules
[    3.128392] hw unit of domain package 2^-0 Joules
[    3.130877] hw unit of domain dram 2^-0 Joules
[    3.133265] hw unit of domain pp1-gpu 2^-0 Joules
[    3.137943] platform rtc_cmos: registered platform RTC device (no PNP device found)
[    3.142304] Scanning for low memory corruption every 60 seconds
[    3.146239] audit: initializing netlink subsys (disabled)
[    3.149266] audit: type=2000 audit(1541969862.264:1): initialized
[    3.153093] Initialise system trusted keyring
[    3.156058] HugeTLB registered 2 MB page size, pre-allocated 0 pages
[    3.163851] zbud: loaded
[    3.166365] VFS: Disk quotas dquot_6.6.0
[    3.168702] VFS: Dquot-cache hash table entries: 512 (order 0, 4096 bytes)
[    3.172986] squashfs: version 4.0 (2009/01/31) Phillip Lougher
[    3.176817] fuse init (API version 7.23)
[    3.179723] Key type big_key registered
[    3.188209] Allocating IMA MOK and blacklist keyrings.
[    3.192877] Key type asymmetric registered
[    3.195289] Asymmetric key parser 'x509' registered
[    3.197987] Block layer SCSI generic (bsg) driver version 0.4 loaded (major 249)
[    3.201962] io scheduler noop registered
[    3.204345] io scheduler deadline registered (default)
[    3.206971] io scheduler cfq registered
[    3.209161] pci_hotplug: PCI Hot Plug PCI Core version: 0.5
[    3.212184] pciehp: PCI Express Hot Plug Controller Driver version: 0.4
[    3.215533] ACPI: AC Adapter [AC] (on-line)
[    3.217954] input: Power Button as /devices/LNXSYSTM:00/LNXPWRBN:00/input/input0
[    3.223177] ACPI: Power Button [PWRF]
[    3.225431] input: Sleep Button as /devices/LNXSYSTM:00/LNXSLPBN:00/input/input1
[    3.229534] ACPI: Sleep Button [SLPF]
[    3.232218] GHES: HEST is not enabled!
[    3.234110] ACPI: Battery Slot [BAT0] (battery present)
[    3.237533] Serial: 8250/16550 driver, 32 ports, IRQ sharing enabled
[    3.265447] 00:02: ttyS0 at I/O 0x3f8 (irq = 4, base_baud = 115200) is a 16550A
[    3.274554] Linux agpgart interface v0.103
[    3.281423] loop: module loaded
[    3.284921] scsi host0: ata_piix
[    3.287227] scsi host1: ata_piix
[    3.289631] ata1: PATA max UDMA/33 cmd 0x1f0 ctl 0x3f6 bmdma 0xd000 irq 14
[    3.295605] ata2: PATA max UDMA/33 cmd 0x170 ctl 0x376 bmdma 0xd008 irq 15
[    3.298473] libphy: Fixed MDIO Bus: probed
[    3.300894] tun: Universal TUN/TAP device driver, 1.6
[    3.303665] tun: (C) 1999-2004 Max Krasnyansky <maxk@qualcomm.com>
[    3.306885] PPP generic driver version 2.4.2
[    3.309467] ehci_hcd: USB 2.0 'Enhanced' Host Controller (EHCI) Driver
[    3.314601] ehci-pci: EHCI PCI platform driver
[    3.317081] ehci-platform: EHCI generic platform driver
[    3.319353] ohci_hcd: USB 1.1 'Open' Host Controller (OHCI) Driver
[    3.322008] ohci-pci: OHCI PCI platform driver
[    3.325819] ohci-platform: OHCI generic platform driver
[    3.328584] uhci_hcd: USB Universal Host Controller Interface driver
[    3.332059] i8042: PNP: PS/2 Controller [PNP0303:PS2K,PNP0f03:PS2M] at 0x60,0x64 irq 1,12
[    3.337524] serio: i8042 KBD port at 0x60,0x64 irq 1
[    3.340281] serio: i8042 AUX port at 0x60,0x64 irq 12
[    3.343477] mousedev: PS/2 mouse device common for all mice
[    3.346390] input: AT Translated Set 2 keyboard as /devices/platform/i8042/serio0/input/input2
[    3.350973] rtc_cmos rtc_cmos: rtc core: registered rtc_cmos as rtc0
[    3.354400] rtc_cmos rtc_cmos: alarms up to one day, 114 bytes nvram
[    3.357721] i2c /dev entries driver
[    3.360130] device-mapper: uevent: version 1.0.3
[    3.363160] device-mapper: ioctl: 4.34.0-ioctl (2015-10-28) initialised: dm-devel@redhat.com
[    3.368031] ledtrig-cpu: registered to indicate activity on CPUs
[    3.374241] NET: Registered protocol family 10
[    3.377224] NET: Registered protocol family 17
[    3.379762] Key type dns_resolver registered
[    3.383345] registered taskstats version 1
[    3.385696] Loading compiled-in X.509 certificates
[    3.389915] Loaded X.509 cert 'Build time autogenerated kernel key: 20acc96b50ca7641011eace69d32209215a9b56f'
[    3.395393] zswap: loaded using pool lzo/zbud
[    3.409160] Key type trusted registered
[    3.419224] Key type encrypted registered
[    3.421797] AppArmor: AppArmor sha1 policy hashing enabled
[    3.425185] ima: No TPM chip found, activating TPM-bypass!
[    3.428173] ima: Allocated hash algorithm: sha1
[    3.432742] evm: HMAC attrs: 0x1
[    3.435494]   Magic number: 10:422:1003
[    3.437986] input input0: hash matches
[    3.440052] vc vcs: hash matches
[    3.441960] memory memory42: hash matches
[    3.444528] rtc_cmos rtc_cmos: setting system clock to 2018-11-11 20:57:36 UTC (1541969856)
[    3.449778] BIOS EDD facility v0.16 2004-Jun-25, 0 devices found
[    3.452904] EDD information not available.
[    3.463761] Freeing unused kernel memory: 1528K
[    3.477064] Write protecting the kernel read-only data: 14336k
[    3.482231] Freeing unused kernel memory: 1672K
[    3.486288] Freeing unused kernel memory: 92K
Loading, please wait...
starting version 229
[    3.528183] random: systemd-udevd: uninitialized urandom read (16 bytes read, 3 bits of entropy available)
[    3.529721] random: udevadm: uninitialized urandom read (16 bytes read, 3 bits of entropy available)
[    3.529760] random: udevadm: uninitialized urandom read (16 bytes read, 3 bits of entropy available)
[    3.555531] random: udevadm: uninitialized urandom read (16 bytes read, 3 bits of entropy available)
[    3.555630] random: udevadm: uninitialized urandom read (16 bytes read, 3 bits of entropy available)
[    3.556011] random: udevadm: uninitialized urandom read (16 bytes read, 3 bits of entropy available)
[    3.556151] random: udevadm: uninitialized urandom read (16 bytes read, 3 bits of entropy available)
[    3.556293] random: udevadm: uninitialized urandom read (16 bytes read, 3 bits of entropy available)
[    3.556426] random: udevadm: uninitialized urandom read (16 bytes read, 3 bits of entropy available)
[    3.556563] random: udevadm: uninitialized urandom read (16 bytes read, 3 bits of entropy available)
[    3.705386] e1000: Intel(R) PRO/1000 Network Driver - version 7.3.21-k8-NAPI
[    3.709316] e1000: Copyright (c) 1999-2006 Intel Corporation.
[    3.712533] Fusion MPT base driver 3.04.20
[    3.743957] Copyright (c) 1999-2008 LSI Corporation
[    3.774736] Fusion MPT SPI Host driver 3.04.20
[    3.816555] AVX2 version of gcm_enc/dec engaged.
[    3.819091] AES CTR mode by8 optimization enabled
[    3.967883] input: ImExPS/2 Generic Explorer Mouse as /devices/platform/i8042/serio1/input/input4
[    4.136615] tsc: Refined TSC clocksource calibration: 2195.575 MHz
[    4.139064] clocksource: tsc: mask: 0xffffffffffffffff max_cycles: 0x1fa5deae832, max_idle_ns: 440795257014 ns
[    4.240376] e1000 0000:00:03.0 eth0: (PCI:33MHz:32-bit) 02:e1:e1:d1:e4:77
[    4.251212] e1000 0000:00:03.0 eth0: Intel(R) PRO/1000 Network Connection
[    4.258063] e1000 0000:00:03.0 enp0s3: renamed from eth0
[    4.260696] mptbase: ioc0: Initiating bringup
[    4.900816] ioc0: LSI53C1030 A0: Capabilities={Initiator}
[    6.163137] scsi host2: ioc0: LSI53C1030 A0, FwRev=00000000h, Ports=1, MaxQ=256, IRQ=20
[    6.534227] scsi 2:0:0:0: Direct-Access     VBOX     HARDDISK         1.0  PQ: 0 ANSI: 5
[    6.539118] scsi target2:0:0: Beginning Domain Validation
[    6.544353] scsi target2:0:0: Domain Validation skipping write tests
[    6.547504] scsi target2:0:0: Ending Domain Validation
[    6.550382] scsi target2:0:0: asynchronous
[    6.553422] scsi 2:0:1:0: Direct-Access     VBOX     HARDDISK         1.0  PQ: 0 ANSI: 5
[    6.557827] scsi target2:0:1: Beginning Domain Validation
[    6.562343] scsi target2:0:1: Domain Validation skipping write tests
[    6.565576] scsi target2:0:1: Ending Domain Validation
[    6.568447] scsi target2:0:1: asynchronous
[    6.581653] sd 2:0:0:0: [sda] 20971520 512-byte logical blocks: (10.7 GB/10.0 GiB)
[    6.582155] sd 2:0:0:0: Attached scsi generic sg0 type 0
[    6.583479] sd 2:0:1:0: [sdb] 20480 512-byte logical blocks: (10.5 MB/10.0 MiB)
[    6.583583] sd 2:0:1:0: Attached scsi generic sg1 type 0
[    6.584062] sd 2:0:1:0: [sdb] Write Protect is off
[    6.584273] sd 2:0:1:0: [sdb] Incomplete mode parameter data
[    6.584278] sd 2:0:1:0: [sdb] Assuming drive cache: write through
[    6.588015] sd 2:0:1:0: [sdb] Attached SCSI disk
[    6.616815] sd 2:0:0:0: [sda] Write Protect is off
[    6.619557] sd 2:0:0:0: [sda] Incomplete mode parameter data
[    6.623300] sd 2:0:0:0: [sda] Assuming drive cache: write through
[    6.642813]  sda: sda1
[    6.704734] sd 2:0:0:0: [sda] Attached SCSI disk
Begin: Loading essential drivers ... [    8.754169] md: linear personality registered for level -1
[    8.761911] md: multipath personality registered for level -4
[    8.770023] md: raid0 personality registered for level 0
[    8.778994] md: raid1 personality registered for level 1
[    8.857167] raid6: sse2x1   gen()  2224 MB/s
[    8.924588] raid6: sse2x1   xor()  1140 MB/s
[    8.992883] raid6: sse2x2   gen()  3494 MB/s
[    9.065140] raid6: sse2x2   xor()  2072 MB/s
[    9.132598] raid6: sse2x4   gen()  5103 MB/s
[    9.200664] raid6: sse2x4   xor()  3553 MB/s
[    9.272784] raid6: avx2x1   gen()  4419 MB/s
[    9.356994] raid6: avx2x2   gen()  8946 MB/s
[    9.424693] raid6: avx2x4   gen() 11925 MB/s
[    9.429981] raid6: using algorithm avx2x4 gen() 11925 MB/s
[    9.434841] raid6: using avx2x2 recovery algorithm
[    9.438464] xor: automatically using best checksumming function:
[    9.481033]    avx       : 17479.000 MB/sec
[    9.505165] async_tx: api initialized (async)
[    9.521926] md: raid6 personality registered for level 6
[    9.526325] md: raid5 personality registered for level 5
[    9.532464] md: raid4 personality registered for level 4
[    9.565508] md: raid10 personality registered for level 10
done.
Begin: Running /scripts/init-premount ... done.
Begin: Mounting root file system ... Begin: Running /scripts/local-top ... done.
Begin: Running /scripts/local-premount ... [    9.633690] Btrfs loaded
Scanning for Btrfs filesystems
done.
Warning: fsck not present, so skipping root file system
[   10.448485] EXT4-fs (sda1): INFO: recovery required on readonly filesystem
[   10.452121] EXT4-fs (sda1): write access will be enabled during recovery
[   10.547556] EXT4-fs (sda1): recovery complete
[   10.550428] EXT4-fs (sda1): mounted filesystem with ordered data mode. Opts: (null)
done.
Begin: Running /scripts/local-bottom ... done.
Begin: Running /scripts/init-bottom ... done.
[   10.998158] systemd[1]: systemd 229 running in system mode. (+PAM +AUDIT +SELINUX +IMA +APPARMOR +SMACK +SYSVINIT +UTMP +LIBCRYPTSETUP +GCRYPT +GNUTLS +ACL +XZ -LZ4 +SECCOMP +BLKID +ELFUTILS +KMOD -IDN)
[   11.006461] systemd[1]: Detected virtualization oracle.
[   11.010880] systemd[1]: Detected architecture x86-64.

Welcome to [1mUbuntu 16.04.5 LTS[0m!

[   11.033781] systemd[1]: Set hostname to <ubuntu-xenial>.
[   11.285575] systemd[1]: Listening on LVM2 poll daemon socket.
[[0;32m  OK  [0m] Listening on LVM2 poll daemon socket.
[   11.309802] systemd[1]: Reached target System Time Synchronized.
[[0;32m  OK  [0m] Reached target System Time Synchronized.
[   11.358678] systemd[1]: Listening on Journal Audit Socket.
[[0;32m  OK  [0m] Listening on Journal Audit Socket.
[   11.390554] systemd[1]: Listening on Journal Socket.
[[0;32m  OK  [0m] Listening on Journal Socket.
[   11.399103] systemd[1]: Started Trigger resolvconf update for networkd DNS.
[[0;32m  OK  [0m] Started Trigger resolvconf update for networkd DNS.
[   11.466457] systemd[1]: Listening on udev Control Socket.
[[0;32m  OK  [0m] Listening on udev Control Socket.
[   11.486731] systemd[1]: Listening on Syslog Socket.
[[0;32m  OK  [0m] Listening on Syslog Socket.
[   11.521293] systemd[1]: Listening on /dev/initctl Compatibility Named Pipe.
[[0;32m  OK  [0m] Listening on /dev/initctl Compatibility Named Pipe.
[   11.530928] systemd[1]: Started Forward Password Requests to Wall Directory Watch.
[[0;32m  OK  [0m] Started Forward Password Requests to Wall Directory Watch.
[   11.578061] systemd[1]: Listening on udev Kernel Socket.
[[0;32m  OK  [0m] Listening on udev Kernel Socket.
[   11.599917] systemd[1]: Reached target User and Group Name Lookups.
[[0;32m  OK  [0m] Reached target User and Group Name Lookups.
[   11.619592] systemd[1]: Created slice System Slice.
[[0;32m  OK  [0m] Created slice System Slice.
[   11.641555] systemd[1]: Starting Nameserver information manager...
[   11.653227] random: nonblocking pool is initialized
         Starting Nameserver information manager...
[   11.676129] systemd[1]: Mounting POSIX Message Queue File System...
         Mounting POSIX Message Queue File System...
[   11.708862] systemd[1]: Starting Set console keymap...
         Starting Set console keymap...
[   11.724110] systemd[1]: Starting Remount Root and Kernel File Systems...
         Starting Remount Root and Kernel File Systems...
[   11.733999] EXT4-fs (sda1): re-mounted. Opts: (null)
[   11.735004] systemd[1]: Mounting Debug File System...
         Mounting Debug File System...
[   11.755789] systemd[1]: Starting Load Kernel Modules...
         Starting Load Kernel Modules...
[   11.764442] systemd[1]: Starting Create list of required static device nodes for the current kernel...
         Starting Create list of required st... nodes for the current kernel...
[   11.781692] Loading iSCSI transport class v2.0-870.
[   11.805016] systemd[1]: Mounting Huge Pages File System...
         Mounting Huge Pages File System...
[   11.821050] iscsi: registered transport (tcp)
[   11.824535] systemd[1]: Listening on LVM2 metadata daemon socket.
[[0;32m  OK  [0m] Listening on LVM2 metadata daemon socket.
[   11.838788] systemd[1]: Created slice system-serial\x2dgetty.slice.
[[0;32m  OK  [0m] Created slice system-serial\x2dgetty.slice.
[   11.873521] systemd[1]: Starting Uncomplicated firewall...
         Starting Uncomplicated firewall...
[   11.879374] systemd[1]: Listening on Journal Socket (/dev/log).
[[0;32m  OK  [0m] Listening on Journal Socket (/dev/log).
[   11.892053] systemd[1]: Reached target Encrypted Volumes.
[   11.895309] iscsi: registered transport (iser)
[[0;32m  OK  [0m] Reached target Encrypted Volumes.
[   11.898492] systemd[1]: Listening on Device-mapper event daemon FIFOs.
[[0;32m  OK  [0m] Listening on Device-mapper event daemon FIFOs.
[   11.906355] systemd[1]: Starting Monitoring of LVM2 mirrors, snapshots etc. using dmeventd or progress polling...
         Starting Monitoring of LVM2 mirrors... dmeventd or progress polling...
[   11.924531] systemd[1]: Reached target Swap.
[[0;32m  OK  [0m] Reached target Swap.
[   11.930410] systemd[1]: Set up automount Arbitrary Executable File Formats File System Automount Point.
[[0;32m  OK  [0m] Set up automount Arbitrary Executab...ats File System Automount Point.
[   11.950450] systemd[1]: Created slice User and Session Slice.
[[0;32m  OK  [0m] Created slice User and Session Slice.
[   11.956419] systemd[1]: Reached target Slices.
[[0;32m  OK  [0m] Reached target Slices.
[   11.977968] systemd[1]: Starting Journal Service...
         Starting Journal Service...
[   11.986565] systemd[1]: Mounted Debug File System.
[[0;32m  OK  [0m] Mounted Debug File System.
[   11.992070] systemd[1]: Mounted Huge Pages File System.
[[0;32m  OK  [0m] Mounted Huge Pages File System.
[   11.997548] systemd[1]: Mounted POSIX Message Queue File System.
[[0;32m  OK  [0m] Mounted POSIX Message Queue File System.
[   12.004565] systemd[1]: Started Set console keymap.
[[0;32m  OK  [0m] Started Set console keymap.
[   12.011059] systemd[1]: Started Remount Root and Kernel File Systems.
[[0;32m  OK  [0m] Started Remount Root and Kernel File Systems.
[   12.025135] systemd[1]: Started Load Kernel Modules.
[[0;32m  OK  [0m] Started Load Kernel Modules.
[   12.030490] systemd[1]: Started Create list of required static device nodes for the current kernel.
[[0;32m  OK  [0m] Started Create list of required sta...ce nodes for the current kernel.
[   12.038231] systemd[1]: Started Uncomplicated firewall.
[[0;32m  OK  [0m] Started Uncomplicated firewall.
[   12.053387] systemd[1]: Started Nameserver information manager.
[[0;32m  OK  [0m] Started Nameserver information manager.
[   12.063321] systemd[1]: Started Journal Service.
[[0;32m  OK  [0m] Started Journal Service.
[[0;32m  OK  [0m] Started LVM2 metadata daemon.
         Starting Create Static Device Nodes in /dev...
         Starting Apply Kernel Variables...
         Mounting FUSE Control File System...
         Starting Flush Journal to Persistent Storage...
         Starting udev Coldplug all Devices...
         Starting Load/Save Random Seed...
[[0;32m  OK  [0m] Mounted FUSE Control File System.
[[0;32m  OK  [0m] Started Create Static Device Nodes in /dev.
[[0;32m  OK  [0m] Started Apply Kernel Variables.
[[0;32m  OK  [0m] Started Load/Save Random Seed.
[[0;32m  OK  [0m] Started Monitoring of LVM2 mirrors,...ng dmeventd or progress polling.
[[0;32m  OK  [0m] Started udev Coldplug all Devices.
[[0;32m  OK  [0m] Started Flush Journal to Persistent Storage.
         Starting udev Kernel Device Manager...
[[0;32m  OK  [0m] Started udev Kernel Device Manager.
[[0;32m  OK  [0m] Reached target Local File Systems (Pre).
[[0;32m  OK  [0m] Reached target Local File Systems.
         Starting Create Volatile Files and Directories...
         Starting Tell Plymouth To Write Out Runtime Data...
         Starting Initial cloud-init job (pre-networking)...
         Starting LSB: AppArmor initialization...
         Starting Set console font and keymap...
[[0;32m  OK  [0m] Started Dispatch Password Requests to Console Directory Watch.
[[0;32m  OK  [0m] Started Create Volatile Files and Directories.
[[0;32m  OK  [0m] Started Tell Plymouth To Write Out Runtime Data.
         Starting Update UTMP about System Boot/Shutdown...
[[0;32m  OK  [0m] Started Update UTMP about System Boot/Shutdown.
[[0;32m  OK  [0m] Started LSB: AppArmor initialization.
[[0;32m  OK  [0m] Found device /dev/ttyS0.
[[0;32m  OK  [0m] Listening on Load/Save RF Kill Switch Status /dev/rfkill Watch.
[[0;32m  OK  [0m] Found device 82540EM Gigabit Ethern...r (PRO/1000 MT Desktop Adapter).
[   12.642899] cloud-init[479]: Cloud-init v. 18.3-9-g2e62cb8a-0ubuntu1~16.04.2 running 'init-local' at Sun, 11 Nov 2018 20:57:46 +0000. Up 12.16 seconds.
[[0;32m  OK  [0m] Started Initial cloud-init job (pre-networking).
[[0;32m  OK  [0m] Reached target Network (Pre).
[[0;32m  OK  [0m] Started ifup for enp0s3.
         Starting Raise network interfaces...
[[0;32m  OK  [0m] Started Set console font and keymap.
[[0;32m  OK  [0m] Created slice system-getty.slice.
[[0;32m  OK  [0m] Started Raise network interfaces.
[[0;32m  OK  [0m] Reached target Network.
         Starting Initial cloud-init job (metadata service crawler)...
[   14.957482] cloud-init[966]: Cloud-init v. 18.3-9-g2e62cb8a-0ubuntu1~16.04.2 running 'init' at Sun, 11 Nov 2018 20:57:49 +0000. Up 14.32 seconds.
[   14.984764] cloud-init[966]: ci-info: ++++++++++++++++++++++++++++++++++++++Net device info++++++++++++++++++++++++++++++++++++++
[   15.004564] cloud-init[966]: ci-info: +--------+------+----------------------------+---------------+--------+-------------------+
[   15.029532] cloud-init[966]: ci-info: | Device |  Up  |          Address           |      Mask     | Scope  |     Hw-Address    |
[   15.033435] cloud-init[966]: ci-info: +--------+------+----------------------------+---------------+--------+-------------------+
[[0;32m  OK  [0m] Started Initial cloud-init job (metadata service crawler).
[[0;32m  OK  [0m] Reached target Network is Online.
[   15.054917] cloud-init[966]: ci-info: | enp0s3 | True |         10.0.2.15          | 255.255.255.0 | global | 02:e1:e1:d1:e4:77 |
[   15.112413] cloud-init[966]: ci-info: | enp0s3 | True | fe80::e1:e1ff:fed1:e477/64 |       .       |  link  | 02:e1:e1:d1:e4:77 |
         Starting iSCSI initiator daemon (iscsid)...
[[0;32m  OK  [0m] Reached target Cloud-config availability.
[[0;32m  OK  [0m] Reached target System Initialization.
[[0;32m  OK  [0m] Listening on UUID daemon activation socket.
[   15.136456] cloud-init[966]: ci-info: |   lo   | True |         127.0.0.1          |   255.0.0.0   |  host  |         .         |
[   15.198505] cloud-init[966]: ci-info: |   lo   | True |          ::1/128           |       .       |  host  |         .         |
[   15.236164] cloud-init[966]: ci-info: +--------+------+----------------------------+---------------+--------+-------------------+
[   15.236286] cloud-init[966]: ci-info: +++++++++++++++++++++++++++Route IPv4 info++++++++++++++++++++++++++++
[   15.236603] cloud-init[966]: ci-info: +-------+-------------+----------+---------------+-----------+-------+
[   15.236862] cloud-init[966]: ci-info: | Route | Destination | Gateway  |    Genmask    | Interface | Flags |
[   15.237150] cloud-init[966]: ci-info: +-------+-------------+----------+---------------+-----------+-------+
[   15.237406] cloud-init[966]: ci-info: |   0   |   0.0.0.0   | 10.0.2.2 |    0.0.0.0    |   enp0s3  |   UG  |
[   15.237673] cloud-init[966]: ci-info: |   1   |   10.0.2.0  | 0.0.0.0  | 255.255.255.0 |   enp0s3  |   U   |
[   15.237953] cloud-init[966]: ci-info: +-------+-------------+----------+---------------+-----------+-------+
[   15.238219] cloud-init[966]: ci-info: +++++++++++++++++++Route IPv6 info+++++++++++++++++++
[   15.238494] cloud-init[966]: ci-info: +-------+-------------+---------+-----------+-------+
[   15.238761] cloud-init[966]: ci-info: | Route | Destination | Gateway | Interface | Flags |
[   15.239030] cloud-init[966]: ci-info: +-------+-------------+---------+-----------+-------+
[   15.239290] cloud-init[966]: ci-info: |   0   |  fe80::/64  |    ::   |   enp0s3  |   U   |
[   15.239559] cloud-init[966]: ci-info: |   3   |   ff00::/8  |    ::   |   enp0s3  |   U   |
[[0;32m  OK  [0m] Started Daily Cleanup of Temporary Directories.
[[0;32m  OK  [0m] Listening on D-Bus System Message Bus Socket.
         Starting Socket activation for snappy daemon.
[   15.239879] cloud-init[966]: ci-info: +-------+-------------+---------+-----------+-------+
[[0;32m  OK  [0m] Started Daily apt download activities.
[[0;32m  OK  [0m] Started Daily apt upgrade and clean activities.
[[0;32m  OK  [0m] Reached target Timers.
         Starting LXD - unix socket.
[[0;32m  OK  [0m] Started ACPI Events Check.
[[0;32m  OK  [0m] Reached target Paths.
[[0;32m  OK  [0m] Listening on ACPID Listen Socket.
[[0;32m  OK  [0m] Listening on Socket activation for snappy daemon.
[[0;32m  OK  [0m] Listening on LXD - unix socket.
[[0;32m  OK  [0m] Started iSCSI initiator daemon (iscsid).
         Starting Login to default iSCSI targets...
[[0;32m  OK  [0m] Reached target Sockets.
[[0;32m  OK  [0m] Reached target Basic System.
[[0;32m  OK  [0m] Started Deferred execution scheduler.
[[0;32m  OK  [0m] Started Unattended Upgrades Shutdown.
         Starting containerd container runtime...
[[0;32m  OK  [0m] Started Regular background program processing daemon.
         Starting Accounts Service...
[[0;32m  OK  [0m] Started D-Bus System Message Bus.
         Starting /etc/rc.local Compatibility...
[[0;32m  OK  [0m] Started FUSE filesystem for LXC.
         Starting LSB: Record successful boot for GRUB...
[[0;32m  OK  [0m] Started ACPI event daemon.
         Starting Virtualbox guest utils...
         Starting Docker Application Container Engine...
         Starting LSB: MD monitoring daemon...
         Starting LXD - container startup/shutdown...
         Starting Login Service...
         Starting System Logging Service...
         Starting OpenBSD Secure Shell server...
         Starting Snappy daemon...
[[0;32m  OK  [0m] Started containerd container runtime.
[[0;32m  OK  [0m] Started /etc/rc.local Compatibility.
[[0;32m  OK  [0m] Started System Logging Service.
[[0;32m  OK  [0m] Started Login to default iSCSI targets.
[[0;32m  OK  [0m] Started LSB: Record successful boot for GRUB.
         Starting Authenticate and Authorize Users to Run Privileged Tasks...
[[0;32m  OK  [0m] Reached target Remote File Systems (Pre).
[[0;32m  OK  [0m] Reached target Remote File Systems.
         Starting Permit User Sessions...
         Starting LSB: Set the CPU Frequency Scaling governor to "ondemand"...
         Starting LSB: daemon to balance interrupts for SMP systems...
         Starting LSB: automatic crash report generation...
         Starting LSB: Set up cgroupfs mounts....
[[0;32m  OK  [0m] Started OpenBSD Secure Shell server.
[[0;32m  OK  [0m] Started LSB: MD monitoring daemon.
[[0;32m  OK  [0m] Started Permit User Sessions.
[[0;32m  OK  [0m] Started LSB: Set up cgroupfs mounts..
[[0;32m  OK  [0m] Started Login Service.
         Starting Hold until boot process finishes up...
         Starting Terminate Plymouth Boot Screen...
[[0;32m  OK  [0m] Started Virtualbox guest utils.
[[0;32m  OK  [0m] Started LSB: Set the CPU Frequency Scaling governor to "ondemand".
[[0;32m  OK  [0m] Started Hold until boot process finishes up.
[[0;32m  OK  [0m] Started Terminate Plymouth Boot Screen.
[[0;32m  OK  [0m] Started LSB: daemon to balance interrupts for SMP systems.
[[0;32m  OK  [0m] Started LSB: automatic crash report generation.
[[0;32m  OK  [0m] Started Authenticate and Authorize Users to Run Privileged Tasks.
[[0;32m  OK  [0m] Started Accounts Service.
         Starting Set console scheme...
[[0;32m  OK  [0m] Started Getty on tty1.
[[0;32m  OK  [0m] Started Serial Getty on ttyS0.
[[0;32m  OK  [0m] Reached target Login Prompts.
[[0;32m  OK  [0m] Started Set console scheme.
[[0;32m  OK  [0m] Started LXD - container startup/shutdown.
[[0;32m  OK  [0m] Started Snappy daemon.
         Starting Wait until snapd is fully seeded...
[[0;32m  OK  [0m] Started Wait until snapd is fully seeded.
         Starting Apply the settings specified in cloud-config...
[[0;32m  OK  [0m] Created slice User Slice of vagrant.
         Starting User Manager for UID 1000...
[[0;32m  OK  [0m] Started Session 1 of user vagrant.
[[0;32m  OK  [0m] Started User Manager for UID 1000.
[   18.899937] cloud-init[1225]: Cloud-init v. 18.3-9-g2e62cb8a-0ubuntu1~16.04.2 running 'modules:config' at Sun, 11 Nov 2018 20:57:52 +0000. Up 17.98 seconds.
[[0;32m  OK  [0m] Started Apply the settings specified in cloud-config.
[[0;32m  OK  [0m] Started Docker Application Container Engine.
[[0;32m  OK  [0m] Reached target Multi-User System.
[[0;32m  OK  [0m] Reached target Graphical Interface.
         Starting Update UTMP about System Runlevel Changes...
         Starting Execute cloud user/final scripts...
[[0;32m  OK  [0m] Started Update UTMP about System Runlevel Changes.
[   20.563804] cloud-init[1519]: Cloud-init v. 18.3-9-g2e62cb8a-0ubuntu1~16.04.2 running 'modules:final' at Sun, 11 Nov 2018 20:57:54 +0000. Up 20.23 seconds.
[   20.570142] cloud-init[1519]: Cloud-init v. 18.3-9-g2e62cb8a-0ubuntu1~16.04.2 finished at Sun, 11 Nov 2018 20:57:55 +0000. Datasource DataSourceNoCloud [seed=/dev/sdb][dsmode=net].  Up 20.55 seconds
[[0;32m  OK  [0m] Started Execute cloud user/final scripts.
[[0;32m  OK  [0m] Reached target Cloud-init target.

Ubuntu 16.04.5 LTS ubuntu-xenial ttyS0

ubuntu-xenial login: 